<?xml version="1.0" encoding="UTF-8"?>
<testng-results skipped="0" failed="1" ignored="0" total="6" passed="5">
  <reporter-output>
  </reporter-output>
  <suite name="Suite" duration-ms="318627" started-at="2020-04-03T20:56:17 CEST" finished-at="2020-04-03T21:01:36 CEST">
    <groups>
    </groups>
    <test name="Test" duration-ms="318627" started-at="2020-04-03T20:56:17 CEST" finished-at="2020-04-03T21:01:36 CEST">
      <class name="tests.HomePageTest">
        <test-method status="PASS" signature="createDriver()[pri:0, instance:tests.HomePageTest@24f60b]" name="createDriver" is-config="true" duration-ms="34212" started-at="2020-04-03T20:56:52 CEST" finished-at="2020-04-03T20:57:26 CEST">
          <reporter-output>
          </reporter-output>
        </test-method> <!-- createDriver -->
        <test-method status="PASS" signature="testCheckTwoPoint()[pri:0, instance:tests.HomePageTest@24f60b]" name="testCheckTwoPoint" duration-ms="307" started-at="2020-04-03T20:57:26 CEST" finished-at="2020-04-03T20:57:26 CEST">
          <reporter-output>
          </reporter-output>
        </test-method> <!-- testCheckTwoPoint -->
        <test-method status="FAIL" signature="testCorrectPage1()[pri:0, instance:tests.HomePageTest@24f60b]" name="testCorrectPage1" duration-ms="98962" started-at="2020-04-03T20:57:27 CEST" finished-at="2020-04-03T20:59:06 CEST">
          <exception class="org.openqa.selenium.NoSuchElementException">
            <message>
              <![CDATA[no such element: Unable to locate element: {"method":"xpath","selector":"//li[@class='sfHover']//a[contains(text(),'Summer Dresses')]"}
  (Session info: chrome=80.0.3987.149)
For documentation on this error, please visit: https://www.seleniumhq.org/exceptions/no_such_element.html
Build info: version: '3.141.59', revision: 'e82be7d358', time: '2018-11-14T08:25:48'
System info: host: 'RADOMIR-PC', ip: '192.168.8.100', os.name: 'Windows 7', os.arch: 'x86', os.version: '6.1', java.version: '1.8.0_231'
Driver info: org.openqa.selenium.chrome.ChromeDriver
Capabilities {acceptInsecureCerts: false, browserName: chrome, browserVersion: 80.0.3987.149, chrome: {chromedriverVersion: 79.0.3945.36 (3582db32b3389..., userDataDir: C:\Users\Radomir\AppData\Lo...}, goog:chromeOptions: {debuggerAddress: localhost:60214}, javascriptEnabled: true, networkConnectionEnabled: false, pageLoadStrategy: normal, platform: WINDOWS, platformName: WINDOWS, proxy: Proxy(), setWindowRect: true, strictFileInteractability: false, timeouts: {implicit: 0, pageLoad: 300000, script: 30000}, unhandledPromptBehavior: dismiss and notify}
Session ID: fb21779e3f9819a1ef574781c5d38e69
*** Element info: {Using=xpath, value=//li[@class='sfHover']//a[contains(text(),'Summer Dresses')]}]]>
            </message>
            <full-stacktrace>
              <![CDATA[org.openqa.selenium.NoSuchElementException: no such element: Unable to locate element: {"method":"xpath","selector":"//li[@class='sfHover']//a[contains(text(),'Summer Dresses')]"}
  (Session info: chrome=80.0.3987.149)
For documentation on this error, please visit: https://www.seleniumhq.org/exceptions/no_such_element.html
Build info: version: '3.141.59', revision: 'e82be7d358', time: '2018-11-14T08:25:48'
System info: host: 'RADOMIR-PC', ip: '192.168.8.100', os.name: 'Windows 7', os.arch: 'x86', os.version: '6.1', java.version: '1.8.0_231'
Driver info: org.openqa.selenium.chrome.ChromeDriver
Capabilities {acceptInsecureCerts: false, browserName: chrome, browserVersion: 80.0.3987.149, chrome: {chromedriverVersion: 79.0.3945.36 (3582db32b3389..., userDataDir: C:\Users\Radomir\AppData\Lo...}, goog:chromeOptions: {debuggerAddress: localhost:60214}, javascriptEnabled: true, networkConnectionEnabled: false, pageLoadStrategy: normal, platform: WINDOWS, platformName: WINDOWS, proxy: Proxy(), setWindowRect: true, strictFileInteractability: false, timeouts: {implicit: 0, pageLoad: 300000, script: 30000}, unhandledPromptBehavior: dismiss and notify}
Session ID: fb21779e3f9819a1ef574781c5d38e69
*** Element info: {Using=xpath, value=//li[@class='sfHover']//a[contains(text(),'Summer Dresses')]}
at sun.reflect.NativeConstructorAccessorImpl.newInstance0(Native Method)
at sun.reflect.NativeConstructorAccessorImpl.newInstance(Unknown Source)
at sun.reflect.DelegatingConstructorAccessorImpl.newInstance(Unknown Source)
at java.lang.reflect.Constructor.newInstance(Unknown Source)
at org.openqa.selenium.remote.http.W3CHttpResponseCodec.createException(W3CHttpResponseCodec.java:187)
at org.openqa.selenium.remote.http.W3CHttpResponseCodec.decode(W3CHttpResponseCodec.java:122)
at org.openqa.selenium.remote.http.W3CHttpResponseCodec.decode(W3CHttpResponseCodec.java:49)
at org.openqa.selenium.remote.HttpCommandExecutor.execute(HttpCommandExecutor.java:158)
at org.openqa.selenium.remote.service.DriverCommandExecutor.execute(DriverCommandExecutor.java:83)
at org.openqa.selenium.remote.RemoteWebDriver.execute(RemoteWebDriver.java:552)
at org.openqa.selenium.remote.RemoteWebElement.execute(RemoteWebElement.java:285)
at org.openqa.selenium.remote.RemoteWebElement.findElement(RemoteWebElement.java:185)
at org.openqa.selenium.remote.RemoteWebElement.findElementByXPath(RemoteWebElement.java:261)
at org.openqa.selenium.By$ByXPath.findElement(By.java:353)
at org.openqa.selenium.remote.RemoteWebElement.findElement(RemoteWebElement.java:181)
at objects.HomePage.getSummerDressesW(HomePage.java:41)
at objects.HomePage.clickSummerDW(HomePage.java:47)
at tests.HomePageTest.testCorrectPage1(HomePageTest.java:31)
at sun.reflect.NativeMethodAccessorImpl.invoke0(Native Method)
at sun.reflect.NativeMethodAccessorImpl.invoke(Unknown Source)
at sun.reflect.DelegatingMethodAccessorImpl.invoke(Unknown Source)
at java.lang.reflect.Method.invoke(Unknown Source)
at org.testng.internal.MethodInvocationHelper.invokeMethod(MethodInvocationHelper.java:135)
at org.testng.internal.TestInvoker.invokeMethod(TestInvoker.java:598)
at org.testng.internal.TestInvoker.invokeTestMethod(TestInvoker.java:174)
at org.testng.internal.MethodRunner.runInSequence(MethodRunner.java:46)
at org.testng.internal.TestInvoker$MethodInvocationAgent.invoke(TestInvoker.java:821)
at org.testng.internal.TestInvoker.invokeTestMethods(TestInvoker.java:147)
at org.testng.internal.TestMethodWorker.invokeTestMethods(TestMethodWorker.java:146)
at org.testng.internal.TestMethodWorker.run(TestMethodWorker.java:128)
at java.util.ArrayList.forEach(Unknown Source)
at org.testng.TestRunner.privateRun(TestRunner.java:767)
at org.testng.TestRunner.run(TestRunner.java:588)
at org.testng.SuiteRunner.runTest(SuiteRunner.java:384)
at org.testng.SuiteRunner.runSequentially(SuiteRunner.java:378)
at org.testng.SuiteRunner.privateRun(SuiteRunner.java:337)
at org.testng.SuiteRunner.run(SuiteRunner.java:286)
at org.testng.SuiteRunnerWorker.runSuite(SuiteRunnerWorker.java:53)
at org.testng.SuiteRunnerWorker.run(SuiteRunnerWorker.java:96)
at org.testng.TestNG.runSuitesSequentially(TestNG.java:1214)
at org.testng.TestNG.runSuitesLocally(TestNG.java:1136)
at org.testng.TestNG.runSuites(TestNG.java:1066)
at org.testng.TestNG.run(TestNG.java:1034)
at org.testng.remote.AbstractRemoteTestNG.run(AbstractRemoteTestNG.java:115)
at org.testng.remote.RemoteTestNG.initAndRun(RemoteTestNG.java:251)
at org.testng.remote.RemoteTestNG.main(RemoteTestNG.java:77)
]]>
            </full-stacktrace>
          </exception> <!-- org.openqa.selenium.NoSuchElementException -->
          <reporter-output>
          </reporter-output>
        </test-method> <!-- testCorrectPage1 -->
        <test-method status="PASS" signature="testCorrectPage2()[pri:0, instance:tests.HomePageTest@24f60b]" name="testCorrectPage2" duration-ms="22161" started-at="2020-04-03T20:59:07 CEST" finished-at="2020-04-03T20:59:29 CEST">
          <reporter-output>
          </reporter-output>
        </test-method> <!-- testCorrectPage2 -->
        <test-method status="PASS" signature="closeDriver()[pri:0, instance:tests.HomePageTest@24f60b]" name="closeDriver" is-config="true" duration-ms="31794" started-at="2020-04-03T20:59:29 CEST" finished-at="2020-04-03T21:00:01 CEST">
          <reporter-output>
          </reporter-output>
        </test-method> <!-- closeDriver -->
      </class> <!-- tests.HomePageTest -->
      <class name="tests.RegistrationTest">
        <test-method status="PASS" signature="createDriver()[pri:0, instance:tests.RegistrationTest@1084709]" name="createDriver" is-config="true" duration-ms="34775" started-at="2020-04-03T20:56:17 CEST" finished-at="2020-04-03T20:56:52 CEST">
          <reporter-output>
          </reporter-output>
        </test-method> <!-- createDriver -->
        <test-method status="PASS" signature="testLogIn()[pri:0, instance:tests.RegistrationTest@1084709]" name="testLogIn" duration-ms="15929" started-at="2020-04-03T21:00:56 CEST" finished-at="2020-04-03T21:01:12 CEST">
          <reporter-output>
          </reporter-output>
        </test-method> <!-- testLogIn -->
        <test-method status="PASS" signature="testRegistration()[pri:0, instance:tests.RegistrationTest@1084709]" name="testRegistration" duration-ms="21897" started-at="2020-04-03T21:01:12 CEST" finished-at="2020-04-03T21:01:33 CEST">
          <reporter-output>
          </reporter-output>
        </test-method> <!-- testRegistration -->
        <test-method status="PASS" signature="closeDriver()[pri:0, instance:tests.RegistrationTest@1084709]" name="closeDriver" is-config="true" duration-ms="2305" started-at="2020-04-03T21:01:33 CEST" finished-at="2020-04-03T21:01:36 CEST">
          <reporter-output>
          </reporter-output>
        </test-method> <!-- closeDriver -->
      </class> <!-- tests.RegistrationTest -->
      <class name="tests.SelectDressTest">
        <test-method status="PASS" signature="createDriver()[pri:0, instance:tests.SelectDressTest@1e2203c]" name="createDriver" is-config="true" duration-ms="17150" started-at="2020-04-03T21:00:01 CEST" finished-at="2020-04-03T21:00:18 CEST">
          <reporter-output>
          </reporter-output>
        </test-method> <!-- createDriver -->
        <test-method status="PASS" signature="test()[pri:0, instance:tests.SelectDressTest@1e2203c]" name="test" duration-ms="35354" started-at="2020-04-03T21:00:18 CEST" finished-at="2020-04-03T21:00:53 CEST">
          <reporter-output>
          </reporter-output>
        </test-method> <!-- test -->
        <test-method status="PASS" signature="closeDriver()[pri:0, instance:tests.SelectDressTest@1e2203c]" name="closeDriver" is-config="true" duration-ms="2124" started-at="2020-04-03T21:00:53 CEST" finished-at="2020-04-03T21:00:56 CEST">
          <reporter-output>
          </reporter-output>
        </test-method> <!-- closeDriver -->
      </class> <!-- tests.SelectDressTest -->
    </test> <!-- Test -->
  </suite> <!-- Suite -->
</testng-results>
